<?xml version="1.0" encoding="UTF-8"?>
<testng-results ignored="0" total="8" passed="8" failed="0" skipped="0">
  <reporter-output>
  </reporter-output>
  <suite started-at="2024-04-04T00:36:34 IST" name="Suite" finished-at="2024-04-04T00:36:45 IST" duration-ms="11687">
    <groups>
    </groups>
    <test started-at="2024-04-04T00:36:34 IST" name="Test" finished-at="2024-04-04T00:36:45 IST" duration-ms="11687">
      <class name="test.TestTicketBooking">
        <test-method is-config="true" signature="propertiesFile()[pri:0, instance:test.TestTicketBooking@408d971b]" started-at="2024-04-04T00:36:34 IST" name="propertiesFile" finished-at="2024-04-04T00:36:41 IST" duration-ms="7022" status="PASS">
          <reporter-output>
          </reporter-output>
        </test-method> <!-- propertiesFile -->
        <test-method signature="verifyWelcomePage()[pri:0, instance:test.TestTicketBooking@408d971b]" started-at="2024-04-04T00:36:41 IST" name="verifyWelcomePage" finished-at="2024-04-04T00:36:41 IST" duration-ms="73" status="PASS">
          <reporter-output>
          </reporter-output>
        </test-method> <!-- verifyWelcomePage -->
        <test-method signature="verifyHyperlink()[pri:1, instance:test.TestTicketBooking@408d971b]" started-at="2024-04-04T00:36:41 IST" name="verifyHyperlink" finished-at="2024-04-04T00:36:43 IST" duration-ms="1798" status="PASS">
          <reporter-output>
          </reporter-output>
        </test-method> <!-- verifyHyperlink -->
        <test-method signature="chooseTravelLocation()[pri:2, instance:test.TestTicketBooking@408d971b]" started-at="2024-04-04T00:36:43 IST" name="chooseTravelLocation" finished-at="2024-04-04T00:36:44 IST" duration-ms="1039" status="PASS">
          <reporter-output>
          </reporter-output>
        </test-method> <!-- chooseTravelLocation -->
        <test-method signature="selectFlight()[pri:3, instance:test.TestTicketBooking@408d971b]" started-at="2024-04-04T00:36:44 IST" name="selectFlight" finished-at="2024-04-04T00:36:44 IST" duration-ms="806" status="PASS">
          <reporter-output>
          </reporter-output>
        </test-method> <!-- selectFlight -->
        <test-method signature="verifyPurchaseFlightPage()[pri:4, instance:test.TestTicketBooking@408d971b]" started-at="2024-04-04T00:36:44 IST" name="verifyPurchaseFlightPage" finished-at="2024-04-04T00:36:45 IST" duration-ms="122" status="PASS">
          <reporter-output>
          </reporter-output>
        </test-method> <!-- verifyPurchaseFlightPage -->
        <test-method signature="clickPurchaseFlightButton()[pri:5, instance:test.TestTicketBooking@408d971b]" started-at="2024-04-04T00:36:45 IST" name="clickPurchaseFlightButton" finished-at="2024-04-04T00:36:45 IST" duration-ms="514" status="PASS">
          <reporter-output>
          </reporter-output>
        </test-method> <!-- clickPurchaseFlightButton -->
        <test-method signature="confirmUrl()[pri:6, instance:test.TestTicketBooking@408d971b]" started-at="2024-04-04T00:36:45 IST" name="confirmUrl" finished-at="2024-04-04T00:36:45 IST" duration-ms="103" status="PASS">
          <reporter-output>
          </reporter-output>
        </test-method> <!-- confirmUrl -->
        <test-method signature="confirmId()[pri:7, instance:test.TestTicketBooking@408d971b]" started-at="2024-04-04T00:36:45 IST" name="confirmId" finished-at="2024-04-04T00:36:45 IST" duration-ms="54" status="PASS">
          <reporter-output>
          </reporter-output>
        </test-method> <!-- confirmId -->
        <test-method is-config="true" signature="quit()[pri:0, instance:test.TestTicketBooking@408d971b]" started-at="2024-04-04T00:36:45 IST" name="quit" finished-at="2024-04-04T00:36:45 IST" duration-ms="2" status="PASS">
          <reporter-output>
          </reporter-output>
        </test-method> <!-- quit -->
      </class> <!-- test.TestTicketBooking -->
    </test> <!-- Test -->
  </suite> <!-- Suite -->
</testng-results>
