<?xml version="1.0" encoding="UTF-8"?>
<!-- Generated by org.testng.reporters.JUnitXMLReporter -->
<testsuite ignored="0" hostname="LAPTOP-ATT95DKU" failures="0" tests="8" name="Test" time="11.687" errors="0" timestamp="2024-04-04T00:36:45 IST">
  <testcase classname="test.TestTicketBooking" name="verifyWelcomePage" time="0.073"/>
  <testcase classname="test.TestTicketBooking" name="verifyHyperlink" time="1.798"/>
  <testcase classname="test.TestTicketBooking" name="chooseTravelLocation" time="1.039"/>
  <testcase classname="test.TestTicketBooking" name="selectFlight" time="0.806"/>
  <testcase classname="test.TestTicketBooking" name="verifyPurchaseFlightPage" time="0.122"/>
  <testcase classname="test.TestTicketBooking" name="clickPurchaseFlightButton" time="0.514"/>
  <testcase classname="test.TestTicketBooking" name="confirmUrl" time="0.103"/>
  <testcase classname="test.TestTicketBooking" name="confirmId" time="0.054"/>
</testsuite> <!-- Test -->
